<?xml version="1.0" encoding="UTF-8"?>
<!-- Generated by org.testng.reporters.JUnitReportReporter -->
<testsuite hostname="SGH243RWL9" name="com.Moodle.TestCases.Verify_Login" tests="1" failures="0" timestamp="11 May 2018 15:21:29 GMT" time="72.162" errors="0">
  <testcase name="MoodleLogin" time="72.162" classname="com.Moodle.TestCases.Verify_Login"/>
</testsuite> <!-- com.Moodle.TestCases.Verify_Login -->
