<?xml version="1.0" encoding="UTF-8"?>
<!-- Generated by org.testng.reporters.JUnitReportReporter -->
<testsuite skipped="0" hostname="SGH243RWL9" name="com.Moodle.TestCases.Verify_Login" tests="1" failures="0" timestamp="04 Jul 2018 13:46:33 GMT" time="23.066" errors="0">
  <testcase name="MoodleLogin" time="23.066" classname="com.Moodle.TestCases.Verify_Login"/>
</testsuite> <!-- com.Moodle.TestCases.Verify_Login -->
